06-Jun-2019 16:41:26.457 INFO [http-nio-8078-exec-5] org.apache.catalina.core.ApplicationContext.log Manager: init: Associated with Deployer 'Catalina:type=Deployer,host=localhost'
06-Jun-2019 16:41:26.458 INFO [http-nio-8078-exec-5] org.apache.catalina.core.ApplicationContext.log Manager: init: Global resources are available
06-Jun-2019 16:41:26.461 INFO [http-nio-8078-exec-5] org.apache.catalina.core.ApplicationContext.log Manager: list: Listing contexts for virtual host 'localhost'
06-Jun-2019 16:41:26.482 INFO [http-nio-8078-exec-10] org.apache.catalina.core.ApplicationContext.log Manager: list: Listing contexts for virtual host 'localhost'
06-Jun-2019 16:41:26.514 INFO [http-nio-8078-exec-7] org.apache.catalina.core.ApplicationContext.log Manager: undeploy: Undeploying web application at '/zoogle'
06-Jun-2019 16:41:27.734 INFO [http-nio-8078-exec-10] org.apache.catalina.core.ApplicationContext.log Manager: install: Installing context configuration at 'file:/C:/Users/Anet/AppData/Local/Temp/context1798888799452129666.xml'
06-Jun-2019 16:42:56.687 INFO [http-nio-8078-exec-14] org.apache.catalina.core.ApplicationContext.log Manager: list: Listing contexts for virtual host 'localhost'
06-Jun-2019 16:42:56.702 INFO [http-nio-8078-exec-6] org.apache.catalina.core.ApplicationContext.log Manager: list: Listing contexts for virtual host 'localhost'
06-Jun-2019 16:42:56.718 INFO [http-nio-8078-exec-11] org.apache.catalina.core.ApplicationContext.log Manager: undeploy: Undeploying web application at '/zoogle'
06-Jun-2019 16:42:57.262 INFO [http-nio-8078-exec-13] org.apache.catalina.core.ApplicationContext.log Manager: install: Installing context configuration at 'file:/C:/Users/Anet/AppData/Local/Temp/context4090982134596736104.xml'
06-Jun-2019 16:45:07.075 INFO [http-nio-8078-exec-16] org.apache.catalina.core.ApplicationContext.log Manager: list: Listing contexts for virtual host 'localhost'
06-Jun-2019 16:45:07.099 INFO [http-nio-8078-exec-14] org.apache.catalina.core.ApplicationContext.log Manager: list: Listing contexts for virtual host 'localhost'
06-Jun-2019 16:45:13.678 INFO [http-nio-8078-exec-20] org.apache.catalina.core.ApplicationContext.log Manager: undeploy: Undeploying web application at '/zoogle'
06-Jun-2019 16:45:14.201 INFO [http-nio-8078-exec-17] org.apache.catalina.core.ApplicationContext.log Manager: list: Listing contexts for virtual host 'localhost'
06-Jun-2019 16:45:14.210 INFO [http-nio-8078-exec-12] org.apache.catalina.core.ApplicationContext.log Manager: list: Listing contexts for virtual host 'localhost'
06-Jun-2019 16:45:17.146 INFO [http-nio-8078-exec-15] org.apache.catalina.core.ApplicationContext.log Manager: undeploy: Undeploying web application at '/ear_zs'
06-Jun-2019 16:45:17.679 INFO [http-nio-8078-exec-16] org.apache.catalina.core.ApplicationContext.log Manager: list: Listing contexts for virtual host 'localhost'
06-Jun-2019 16:45:17.695 INFO [http-nio-8078-exec-17] org.apache.catalina.core.ApplicationContext.log Manager: list: Listing contexts for virtual host 'localhost'
06-Jun-2019 16:45:49.393 INFO [http-nio-8078-exec-24] org.apache.catalina.core.ApplicationContext.log Manager: list: Listing contexts for virtual host 'localhost'
06-Jun-2019 16:45:49.411 INFO [http-nio-8078-exec-22] org.apache.catalina.core.ApplicationContext.log Manager: list: Listing contexts for virtual host 'localhost'
06-Jun-2019 16:45:49.443 INFO [http-nio-8078-exec-19] org.apache.catalina.core.ApplicationContext.log Manager: install: Installing context configuration at 'file:/C:/Users/Anet/AppData/Local/Temp/context1362883316544655546.xml'
06-Jun-2019 16:46:08.198 INFO [http-nio-8078-exec-21] org.apache.catalina.core.ApplicationContext.log Manager: start: Starting web application '/zoogle'
06-Jun-2019 16:47:04.551 INFO [http-nio-8078-exec-26] org.apache.catalina.core.ApplicationContext.log Manager: list: Listing contexts for virtual host 'localhost'
06-Jun-2019 16:47:04.580 INFO [http-nio-8078-exec-24] org.apache.catalina.core.ApplicationContext.log Manager: list: Listing contexts for virtual host 'localhost'
06-Jun-2019 18:09:59.990 INFO [http-nio-8078-exec-23] org.apache.catalina.core.ApplicationContext.log Manager: list: Listing contexts for virtual host 'localhost'
06-Jun-2019 18:09:59.990 INFO [http-nio-8078-exec-30] org.apache.catalina.core.ApplicationContext.log Manager: list: Listing contexts for virtual host 'localhost'
06-Jun-2019 18:10:00.040 INFO [http-nio-8078-exec-27] org.apache.catalina.core.ApplicationContext.log Manager: undeploy: Undeploying web application at '/zoogle'
06-Jun-2019 18:10:01.060 INFO [http-nio-8078-exec-30] org.apache.catalina.core.ApplicationContext.log Manager: install: Installing context configuration at 'file:/C:/Users/Anet/AppData/Local/Temp/context7077066474396996389.xml'
06-Jun-2019 18:10:24.799 INFO [http-nio-8078-exec-29] org.apache.catalina.core.ApplicationContext.log Manager: start: Starting web application '/zoogle'
06-Jun-2019 18:56:34.965 INFO [http-nio-8078-exec-37] org.apache.catalina.core.ApplicationContext.log Manager: list: Listing contexts for virtual host 'localhost'
06-Jun-2019 18:56:34.971 INFO [http-nio-8078-exec-33] org.apache.catalina.core.ApplicationContext.log Manager: list: Listing contexts for virtual host 'localhost'
06-Jun-2019 18:56:35.002 INFO [http-nio-8078-exec-41] org.apache.catalina.core.ApplicationContext.log Manager: undeploy: Undeploying web application at '/zoogle'
06-Jun-2019 18:56:36.743 INFO [http-nio-8078-exec-37] org.apache.catalina.core.ApplicationContext.log Manager: install: Installing context configuration at 'file:/C:/Users/Anet/AppData/Local/Temp/context5412771367793526898.xml'
06-Jun-2019 18:56:57.382 INFO [http-nio-8078-exec-42] org.apache.catalina.core.ApplicationContext.log Manager: start: Starting web application '/zoogle'
06-Jun-2019 19:28:48.926 INFO [http-nio-8078-exec-46] org.apache.catalina.core.ApplicationContext.log Manager: list: Listing contexts for virtual host 'localhost'
06-Jun-2019 19:28:48.939 INFO [http-nio-8078-exec-45] org.apache.catalina.core.ApplicationContext.log Manager: list: Listing contexts for virtual host 'localhost'
06-Jun-2019 19:28:48.963 INFO [http-nio-8078-exec-47] org.apache.catalina.core.ApplicationContext.log Manager: undeploy: Undeploying web application at '/zoogle'
06-Jun-2019 19:28:50.034 INFO [http-nio-8078-exec-49] org.apache.catalina.core.ApplicationContext.log Manager: install: Installing context configuration at 'file:/C:/Users/Anet/AppData/Local/Temp/context1392517108423388335.xml'
06-Jun-2019 19:29:10.556 INFO [http-nio-8078-exec-51] org.apache.catalina.core.ApplicationContext.log Manager: start: Starting web application '/zoogle'
06-Jun-2019 20:14:53.243 INFO [http-nio-8078-exec-53] org.apache.catalina.core.ApplicationContext.log Manager: list: Listing contexts for virtual host 'localhost'
06-Jun-2019 20:14:53.254 INFO [http-nio-8078-exec-62] org.apache.catalina.core.ApplicationContext.log Manager: list: Listing contexts for virtual host 'localhost'
06-Jun-2019 20:14:53.283 INFO [http-nio-8078-exec-55] org.apache.catalina.core.ApplicationContext.log Manager: undeploy: Undeploying web application at '/zoogle'
06-Jun-2019 20:14:54.724 INFO [http-nio-8078-exec-58] org.apache.catalina.core.ApplicationContext.log Manager: install: Installing context configuration at 'file:/C:/Users/Anet/AppData/Local/Temp/context3480940433349768715.xml'
06-Jun-2019 20:15:19.753 INFO [http-nio-8078-exec-59] org.apache.catalina.core.ApplicationContext.log Manager: start: Starting web application '/zoogle'
06-Jun-2019 20:17:22.159 INFO [http-nio-8078-exec-68] org.apache.catalina.core.ApplicationContext.log Manager: list: Listing contexts for virtual host 'localhost'
06-Jun-2019 20:17:22.182 INFO [http-nio-8078-exec-69] org.apache.catalina.core.ApplicationContext.log Manager: list: Listing contexts for virtual host 'localhost'
06-Jun-2019 20:25:57.417 INFO [http-nio-8078-exec-72] org.apache.catalina.core.ApplicationContext.log Manager: list: Listing contexts for virtual host 'localhost'
06-Jun-2019 20:25:57.428 INFO [http-nio-8078-exec-67] org.apache.catalina.core.ApplicationContext.log Manager: list: Listing contexts for virtual host 'localhost'
06-Jun-2019 20:25:57.460 INFO [http-nio-8078-exec-65] org.apache.catalina.core.ApplicationContext.log Manager: undeploy: Undeploying web application at '/zoogle'
06-Jun-2019 20:25:58.282 INFO [http-nio-8078-exec-67] org.apache.catalina.core.ApplicationContext.log Manager: install: Installing context configuration at 'file:/C:/Users/Anet/AppData/Local/Temp/context1864890780691024366.xml'
06-Jun-2019 20:26:17.564 INFO [http-nio-8078-exec-71] org.apache.catalina.core.ApplicationContext.log Manager: start: Starting web application '/zoogle'
06-Jun-2019 21:03:46.725 INFO [http-nio-8078-exec-80] org.apache.catalina.core.ApplicationContext.log Manager: list: Listing contexts for virtual host 'localhost'
06-Jun-2019 21:03:46.738 INFO [http-nio-8078-exec-82] org.apache.catalina.core.ApplicationContext.log Manager: list: Listing contexts for virtual host 'localhost'
06-Jun-2019 21:03:46.769 INFO [http-nio-8078-exec-74] org.apache.catalina.core.ApplicationContext.log Manager: undeploy: Undeploying web application at '/zoogle'
06-Jun-2019 21:03:47.893 INFO [http-nio-8078-exec-80] org.apache.catalina.core.ApplicationContext.log Manager: install: Installing context configuration at 'file:/C:/Users/Anet/AppData/Local/Temp/context6696846038297549509.xml'
06-Jun-2019 21:04:09.768 INFO [http-nio-8078-exec-73] org.apache.catalina.core.ApplicationContext.log Manager: start: Starting web application '/zoogle'
06-Jun-2019 21:36:56.774 INFO [http-nio-8078-exec-86] org.apache.catalina.core.ApplicationContext.log Manager: list: Listing contexts for virtual host 'localhost'
06-Jun-2019 21:36:56.790 INFO [http-nio-8078-exec-89] org.apache.catalina.core.ApplicationContext.log Manager: list: Listing contexts for virtual host 'localhost'
06-Jun-2019 21:36:56.821 INFO [http-nio-8078-exec-91] org.apache.catalina.core.ApplicationContext.log Manager: undeploy: Undeploying web application at '/zoogle'
06-Jun-2019 21:36:58.615 INFO [http-nio-8078-exec-88] org.apache.catalina.core.ApplicationContext.log Manager: install: Installing context configuration at 'file:/C:/Users/Anet/AppData/Local/Temp/context8033011641804286702.xml'
06-Jun-2019 21:37:26.017 INFO [http-nio-8078-exec-87] org.apache.catalina.core.ApplicationContext.log Manager: start: Starting web application '/zoogle'
06-Jun-2019 21:47:25.707 INFO [http-nio-8078-exec-102] org.apache.catalina.core.ApplicationContext.log Manager: list: Listing contexts for virtual host 'localhost'
06-Jun-2019 21:47:25.720 INFO [http-nio-8078-exec-97] org.apache.catalina.core.ApplicationContext.log Manager: list: Listing contexts for virtual host 'localhost'
06-Jun-2019 21:47:25.741 INFO [http-nio-8078-exec-98] org.apache.catalina.core.ApplicationContext.log Manager: undeploy: Undeploying web application at '/zoogle'
06-Jun-2019 21:47:26.469 INFO [http-nio-8078-exec-96] org.apache.catalina.core.ApplicationContext.log Manager: install: Installing context configuration at 'file:/C:/Users/Anet/AppData/Local/Temp/context5977949269452769757.xml'
06-Jun-2019 21:47:50.699 INFO [http-nio-8078-exec-93] org.apache.catalina.core.ApplicationContext.log Manager: start: Starting web application '/zoogle'
06-Jun-2019 21:52:10.754 INFO [http-nio-8078-exec-111] org.apache.catalina.core.ApplicationContext.log Manager: list: Listing contexts for virtual host 'localhost'
06-Jun-2019 21:52:10.766 INFO [http-nio-8078-exec-104] org.apache.catalina.core.ApplicationContext.log Manager: list: Listing contexts for virtual host 'localhost'
06-Jun-2019 21:52:10.804 INFO [http-nio-8078-exec-106] org.apache.catalina.core.ApplicationContext.log Manager: undeploy: Undeploying web application at '/zoogle'
06-Jun-2019 21:52:11.627 INFO [http-nio-8078-exec-104] org.apache.catalina.core.ApplicationContext.log Manager: install: Installing context configuration at 'file:/C:/Users/Anet/AppData/Local/Temp/context3708282950736984763.xml'
06-Jun-2019 21:52:31.883 INFO [http-nio-8078-exec-112] org.apache.catalina.core.ApplicationContext.log Manager: start: Starting web application '/zoogle'
06-Jun-2019 22:33:49.486 INFO [http-nio-8078-exec-115] org.apache.catalina.core.ApplicationContext.log Manager: list: Listing contexts for virtual host 'localhost'
06-Jun-2019 22:33:49.500 INFO [http-nio-8078-exec-113] org.apache.catalina.core.ApplicationContext.log Manager: list: Listing contexts for virtual host 'localhost'
06-Jun-2019 22:33:49.528 INFO [http-nio-8078-exec-119] org.apache.catalina.core.ApplicationContext.log Manager: undeploy: Undeploying web application at '/zoogle'
06-Jun-2019 22:33:51.336 INFO [http-nio-8078-exec-118] org.apache.catalina.core.ApplicationContext.log Manager: install: Installing context configuration at 'file:/C:/Users/Anet/AppData/Local/Temp/context4487080902303294245.xml'
06-Jun-2019 22:34:11.144 INFO [http-nio-8078-exec-117] org.apache.catalina.core.ApplicationContext.log Manager: start: Starting web application '/zoogle'
06-Jun-2019 23:10:01.000 INFO [http-nio-8078-exec-4] org.apache.catalina.core.ApplicationContext.log Manager: init: Associated with Deployer 'Catalina:type=Deployer,host=localhost'
06-Jun-2019 23:10:01.001 INFO [http-nio-8078-exec-4] org.apache.catalina.core.ApplicationContext.log Manager: init: Global resources are available
06-Jun-2019 23:10:01.003 INFO [http-nio-8078-exec-4] org.apache.catalina.core.ApplicationContext.log Manager: list: Listing contexts for virtual host 'localhost'
06-Jun-2019 23:10:01.029 INFO [http-nio-8078-exec-8] org.apache.catalina.core.ApplicationContext.log Manager: list: Listing contexts for virtual host 'localhost'
06-Jun-2019 23:10:01.062 INFO [http-nio-8078-exec-1] org.apache.catalina.core.ApplicationContext.log Manager: undeploy: Undeploying web application at '/zoogle'
06-Jun-2019 23:10:01.815 INFO [http-nio-8078-exec-9] org.apache.catalina.core.ApplicationContext.log Manager: install: Installing context configuration at 'file:/C:/Users/Anet/AppData/Local/Temp/context8606601962546471185.xml'
06-Jun-2019 23:10:20.192 INFO [http-nio-8078-exec-5] org.apache.catalina.core.ApplicationContext.log Manager: start: Starting web application '/zoogle'
06-Jun-2019 23:12:57.686 INFO [http-nio-8078-exec-17] org.apache.catalina.core.ApplicationContext.log Manager: list: Listing contexts for virtual host 'localhost'
06-Jun-2019 23:12:57.701 INFO [http-nio-8078-exec-6] org.apache.catalina.core.ApplicationContext.log Manager: list: Listing contexts for virtual host 'localhost'
06-Jun-2019 23:12:57.770 INFO [http-nio-8078-exec-12] org.apache.catalina.core.ApplicationContext.log Manager: undeploy: Undeploying web application at '/zoogle'
06-Jun-2019 23:12:58.542 INFO [http-nio-8078-exec-15] org.apache.catalina.core.ApplicationContext.log Manager: install: Installing context configuration at 'file:/C:/Users/Anet/AppData/Local/Temp/context8910297902684312616.xml'
06-Jun-2019 23:13:14.944 INFO [http-nio-8078-exec-16] org.apache.catalina.core.ApplicationContext.log Manager: start: Starting web application '/zoogle'
06-Jun-2019 23:38:37.581 INFO [http-nio-8078-exec-21] org.apache.catalina.core.ApplicationContext.log Manager: list: Listing contexts for virtual host 'localhost'
06-Jun-2019 23:38:37.604 INFO [http-nio-8078-exec-24] org.apache.catalina.core.ApplicationContext.log Manager: list: Listing contexts for virtual host 'localhost'
06-Jun-2019 23:38:42.259 INFO [http-nio-8078-exec-28] org.apache.catalina.core.ApplicationContext.log Manager: undeploy: Undeploying web application at '/zoogle'
06-Jun-2019 23:38:44.092 INFO [http-nio-8078-exec-30] org.apache.catalina.core.ApplicationContext.log Manager: list: Listing contexts for virtual host 'localhost'
06-Jun-2019 23:38:44.106 INFO [http-nio-8078-exec-27] org.apache.catalina.core.ApplicationContext.log Manager: list: Listing contexts for virtual host 'localhost'
06-Jun-2019 23:41:35.625 INFO [http-nio-8078-exec-8] org.apache.catalina.core.ApplicationContext.log Manager: init: Associated with Deployer 'Catalina:type=Deployer,host=localhost'
06-Jun-2019 23:41:35.626 INFO [http-nio-8078-exec-8] org.apache.catalina.core.ApplicationContext.log Manager: init: Global resources are available
06-Jun-2019 23:41:35.628 INFO [http-nio-8078-exec-8] org.apache.catalina.core.ApplicationContext.log Manager: list: Listing contexts for virtual host 'localhost'
06-Jun-2019 23:41:35.646 INFO [http-nio-8078-exec-9] org.apache.catalina.core.ApplicationContext.log Manager: list: Listing contexts for virtual host 'localhost'
06-Jun-2019 23:41:35.696 INFO [http-nio-8078-exec-5] org.apache.catalina.core.ApplicationContext.log Manager: install: Installing context configuration at 'file:/C:/Users/Anet/AppData/Local/Temp/context8787440123923916303.xml'
06-Jun-2019 23:41:59.206 INFO [http-nio-8078-exec-6] org.apache.catalina.core.ApplicationContext.log Manager: start: Starting web application '/zoogle'
06-Jun-2019 23:58:11.973 INFO [http-nio-8078-exec-8] org.apache.catalina.core.ApplicationContext.log Manager: list: Listing contexts for virtual host 'localhost'
06-Jun-2019 23:58:11.994 INFO [http-nio-8078-exec-9] org.apache.catalina.core.ApplicationContext.log Manager: list: Listing contexts for virtual host 'localhost'
06-Jun-2019 23:58:12.034 INFO [http-nio-8078-exec-4] org.apache.catalina.core.ApplicationContext.log Manager: undeploy: Undeploying web application at '/zoogle'
06-Jun-2019 23:58:13.119 INFO [http-nio-8078-exec-7] org.apache.catalina.core.ApplicationContext.log Manager: install: Installing context configuration at 'file:/C:/Users/Anet/AppData/Local/Temp/context7999751993197261092.xml'
06-Jun-2019 23:58:36.068 INFO [http-nio-8078-exec-3] org.apache.catalina.core.ApplicationContext.log Manager: start: Starting web application '/zoogle'
