05-Jun-2019 00:13:49.778 INFO [http-nio-8078-exec-15] org.apache.catalina.core.ApplicationContext.log Manager: list: Listing contexts for virtual host 'localhost'
05-Jun-2019 00:13:49.786 INFO [http-nio-8078-exec-16] org.apache.catalina.core.ApplicationContext.log Manager: list: Listing contexts for virtual host 'localhost'
05-Jun-2019 00:13:50.685 INFO [http-nio-8078-exec-17] org.apache.catalina.core.ApplicationContext.log Manager: undeploy: Undeploying web application at '/zoogle'
05-Jun-2019 00:13:51.217 INFO [http-nio-8078-exec-20] org.apache.catalina.core.ApplicationContext.log Manager: install: Installing context configuration at 'file:/C:/Users/Anet/AppData/Local/Temp/context2731290253701139250.xml'
05-Jun-2019 00:14:13.623 INFO [http-nio-8078-exec-12] org.apache.catalina.core.ApplicationContext.log Manager: start: Starting web application '/zoogle'
05-Jun-2019 00:19:47.317 INFO [http-nio-8078-exec-26] org.apache.catalina.core.ApplicationContext.log Manager: list: Listing contexts for virtual host 'localhost'
05-Jun-2019 00:19:47.328 INFO [http-nio-8078-exec-27] org.apache.catalina.core.ApplicationContext.log Manager: list: Listing contexts for virtual host 'localhost'
05-Jun-2019 00:19:47.344 INFO [http-nio-8078-exec-28] org.apache.catalina.core.ApplicationContext.log Manager: undeploy: Undeploying web application at '/zoogle'
05-Jun-2019 00:19:48.128 INFO [http-nio-8078-exec-25] org.apache.catalina.core.ApplicationContext.log Manager: install: Installing context configuration at 'file:/C:/Users/Anet/AppData/Local/Temp/context3679888846650789416.xml'
05-Jun-2019 00:20:07.931 INFO [http-nio-8078-exec-30] org.apache.catalina.core.ApplicationContext.log Manager: start: Starting web application '/zoogle'
05-Jun-2019 00:28:44.453 INFO [http-nio-8078-exec-36] org.apache.catalina.core.ApplicationContext.log Manager: list: Listing contexts for virtual host 'localhost'
05-Jun-2019 00:28:44.462 INFO [http-nio-8078-exec-38] org.apache.catalina.core.ApplicationContext.log Manager: list: Listing contexts for virtual host 'localhost'
05-Jun-2019 00:28:44.486 INFO [http-nio-8078-exec-37] org.apache.catalina.core.ApplicationContext.log Manager: undeploy: Undeploying web application at '/zoogle'
05-Jun-2019 00:28:45.477 INFO [http-nio-8078-exec-32] org.apache.catalina.core.ApplicationContext.log Manager: install: Installing context configuration at 'file:/C:/Users/Anet/AppData/Local/Temp/context4155367477016593420.xml'
05-Jun-2019 00:29:05.750 INFO [http-nio-8078-exec-33] org.apache.catalina.core.ApplicationContext.log Manager: start: Starting web application '/zoogle'
05-Jun-2019 00:32:19.757 INFO [http-nio-8078-exec-46] org.apache.catalina.core.ApplicationContext.log Manager: list: Listing contexts for virtual host 'localhost'
05-Jun-2019 00:32:19.765 INFO [http-nio-8078-exec-50] org.apache.catalina.core.ApplicationContext.log Manager: list: Listing contexts for virtual host 'localhost'
05-Jun-2019 00:32:19.786 INFO [http-nio-8078-exec-47] org.apache.catalina.core.ApplicationContext.log Manager: undeploy: Undeploying web application at '/zoogle'
05-Jun-2019 00:32:20.588 INFO [http-nio-8078-exec-44] org.apache.catalina.core.ApplicationContext.log Manager: install: Installing context configuration at 'file:/C:/Users/Anet/AppData/Local/Temp/context16421297640868289.xml'
05-Jun-2019 00:32:37.551 INFO [http-nio-8078-exec-42] org.apache.catalina.core.ApplicationContext.log Manager: start: Starting web application '/zoogle'
05-Jun-2019 00:45:31.837 INFO [http-nio-8078-exec-54] org.apache.catalina.core.ApplicationContext.log Manager: list: Listing contexts for virtual host 'localhost'
05-Jun-2019 00:45:31.845 INFO [http-nio-8078-exec-52] org.apache.catalina.core.ApplicationContext.log Manager: list: Listing contexts for virtual host 'localhost'
05-Jun-2019 00:45:31.874 INFO [http-nio-8078-exec-55] org.apache.catalina.core.ApplicationContext.log Manager: undeploy: Undeploying web application at '/zoogle'
05-Jun-2019 00:45:33.006 INFO [http-nio-8078-exec-54] org.apache.catalina.core.ApplicationContext.log Manager: install: Installing context configuration at 'file:/C:/Users/Anet/AppData/Local/Temp/context81836862250556941.xml'
05-Jun-2019 00:45:55.821 INFO [http-nio-8078-exec-51] org.apache.catalina.core.ApplicationContext.log Manager: start: Starting web application '/zoogle'
05-Jun-2019 01:00:09.109 INFO [http-nio-8078-exec-64] org.apache.catalina.core.ApplicationContext.log Manager: list: Listing contexts for virtual host 'localhost'
05-Jun-2019 01:00:09.113 INFO [http-nio-8078-exec-70] org.apache.catalina.core.ApplicationContext.log Manager: list: Listing contexts for virtual host 'localhost'
05-Jun-2019 01:00:09.129 INFO [http-nio-8078-exec-66] org.apache.catalina.core.ApplicationContext.log Manager: undeploy: Undeploying web application at '/zoogle'
05-Jun-2019 01:00:09.732 INFO [http-nio-8078-exec-62] org.apache.catalina.core.ApplicationContext.log Manager: install: Installing context configuration at 'file:/C:/Users/Anet/AppData/Local/Temp/context5971109399357306390.xml'
05-Jun-2019 01:00:26.374 INFO [http-nio-8078-exec-68] org.apache.catalina.core.ApplicationContext.log Manager: start: Starting web application '/zoogle'
05-Jun-2019 13:04:46.710 INFO [http-nio-8078-exec-10] org.apache.catalina.core.ApplicationContext.log Manager: init: Associated with Deployer 'Catalina:type=Deployer,host=localhost'
05-Jun-2019 13:04:46.710 INFO [http-nio-8078-exec-10] org.apache.catalina.core.ApplicationContext.log Manager: init: Global resources are available
05-Jun-2019 13:04:46.718 INFO [http-nio-8078-exec-10] org.apache.catalina.core.ApplicationContext.log Manager: list: Listing contexts for virtual host 'localhost'
05-Jun-2019 13:04:46.760 INFO [http-nio-8078-exec-8] org.apache.catalina.core.ApplicationContext.log Manager: list: Listing contexts for virtual host 'localhost'
05-Jun-2019 13:04:46.818 INFO [http-nio-8078-exec-3] org.apache.catalina.core.ApplicationContext.log Manager: undeploy: Undeploying web application at '/zoogle'
05-Jun-2019 13:04:49.373 INFO [http-nio-8078-exec-7] org.apache.catalina.core.ApplicationContext.log Manager: install: Installing context configuration at 'file:/C:/Users/Anet/AppData/Local/Temp/context624247472601763128.xml'
05-Jun-2019 13:05:14.906 INFO [http-nio-8078-exec-5] org.apache.catalina.core.ApplicationContext.log Manager: start: Starting web application '/zoogle'
05-Jun-2019 13:27:41.000 INFO [http-nio-8078-exec-30] org.apache.catalina.core.ApplicationContext.log Manager: list: Listing contexts for virtual host 'localhost'
05-Jun-2019 13:27:41.046 INFO [http-nio-8078-exec-37] org.apache.catalina.core.ApplicationContext.log Manager: list: Listing contexts for virtual host 'localhost'
05-Jun-2019 13:27:41.087 INFO [http-nio-8078-exec-34] org.apache.catalina.core.ApplicationContext.log Manager: install: Installing context configuration at 'file:/C:/Users/Anet/AppData/Local/Temp/context5495375774239901773.xml'
05-Jun-2019 13:28:06.882 INFO [http-nio-8078-exec-28] org.apache.catalina.core.ApplicationContext.log Manager: start: Starting web application '/zoogle'
05-Jun-2019 17:30:39.829 INFO [http-nio-8078-exec-36] org.apache.catalina.core.ApplicationContext.log Manager: list: Listing contexts for virtual host 'localhost'
05-Jun-2019 17:30:39.871 INFO [http-nio-8078-exec-34] org.apache.catalina.core.ApplicationContext.log Manager: list: Listing contexts for virtual host 'localhost'
05-Jun-2019 17:30:39.929 INFO [http-nio-8078-exec-32] org.apache.catalina.core.ApplicationContext.log Manager: undeploy: Undeploying web application at '/zoogle'
05-Jun-2019 17:30:41.490 INFO [http-nio-8078-exec-37] org.apache.catalina.core.ApplicationContext.log Manager: install: Installing context configuration at 'file:/C:/Users/Anet/AppData/Local/Temp/context3402733123651327575.xml'
05-Jun-2019 17:31:09.854 INFO [http-nio-8078-exec-31] org.apache.catalina.core.ApplicationContext.log Manager: start: Starting web application '/zoogle'
05-Jun-2019 18:51:04.624 INFO [http-nio-8078-exec-47] org.apache.catalina.core.ApplicationContext.log Manager: list: Listing contexts for virtual host 'localhost'
05-Jun-2019 18:51:04.637 INFO [http-nio-8078-exec-44] org.apache.catalina.core.ApplicationContext.log Manager: list: Listing contexts for virtual host 'localhost'
05-Jun-2019 18:51:04.664 INFO [http-nio-8078-exec-39] org.apache.catalina.core.ApplicationContext.log Manager: undeploy: Undeploying web application at '/zoogle'
05-Jun-2019 18:51:06.391 INFO [http-nio-8078-exec-38] org.apache.catalina.core.ApplicationContext.log Manager: install: Installing context configuration at 'file:/C:/Users/Anet/AppData/Local/Temp/context5197867747736275632.xml'
05-Jun-2019 18:51:25.318 INFO [http-nio-8078-exec-44] org.apache.catalina.core.ApplicationContext.log Manager: start: Starting web application '/zoogle'
05-Jun-2019 19:37:26.273 INFO [http-nio-8078-exec-56] org.apache.catalina.core.ApplicationContext.log Manager: list: Listing contexts for virtual host 'localhost'
05-Jun-2019 19:37:26.283 INFO [http-nio-8078-exec-52] org.apache.catalina.core.ApplicationContext.log Manager: list: Listing contexts for virtual host 'localhost'
05-Jun-2019 19:37:26.298 INFO [http-nio-8078-exec-49] org.apache.catalina.core.ApplicationContext.log Manager: undeploy: Undeploying web application at '/zoogle'
05-Jun-2019 19:37:27.386 INFO [http-nio-8078-exec-50] org.apache.catalina.core.ApplicationContext.log Manager: install: Installing context configuration at 'file:/C:/Users/Anet/AppData/Local/Temp/context7512855997301838906.xml'
05-Jun-2019 19:37:48.569 INFO [http-nio-8078-exec-54] org.apache.catalina.core.ApplicationContext.log Manager: start: Starting web application '/zoogle'
05-Jun-2019 20:07:33.252 INFO [http-nio-8078-exec-65] org.apache.catalina.core.ApplicationContext.log Manager: list: Listing contexts for virtual host 'localhost'
05-Jun-2019 20:07:33.269 INFO [http-nio-8078-exec-58] org.apache.catalina.core.ApplicationContext.log Manager: list: Listing contexts for virtual host 'localhost'
05-Jun-2019 20:07:33.294 INFO [http-nio-8078-exec-61] org.apache.catalina.core.ApplicationContext.log Manager: undeploy: Undeploying web application at '/zoogle'
05-Jun-2019 20:07:34.270 INFO [http-nio-8078-exec-59] org.apache.catalina.core.ApplicationContext.log Manager: install: Installing context configuration at 'file:/C:/Users/Anet/AppData/Local/Temp/context5924346504277864748.xml'
05-Jun-2019 20:07:53.396 INFO [http-nio-8078-exec-62] org.apache.catalina.core.ApplicationContext.log Manager: start: Starting web application '/zoogle'
05-Jun-2019 20:10:29.607 INFO [http-nio-8078-exec-70] org.apache.catalina.core.ApplicationContext.log Manager: list: Listing contexts for virtual host 'localhost'
05-Jun-2019 20:10:29.628 INFO [http-nio-8078-exec-77] org.apache.catalina.core.ApplicationContext.log Manager: list: Listing contexts for virtual host 'localhost'
05-Jun-2019 20:10:29.656 INFO [http-nio-8078-exec-73] org.apache.catalina.core.ApplicationContext.log Manager: undeploy: Undeploying web application at '/zoogle'
05-Jun-2019 20:10:30.333 INFO [http-nio-8078-exec-75] org.apache.catalina.core.ApplicationContext.log Manager: install: Installing context configuration at 'file:/C:/Users/Anet/AppData/Local/Temp/context397199069308421830.xml'
05-Jun-2019 20:10:46.785 INFO [http-nio-8078-exec-72] org.apache.catalina.core.ApplicationContext.log Manager: start: Starting web application '/zoogle'
05-Jun-2019 21:01:03.549 INFO [http-nio-8078-exec-85] org.apache.catalina.core.ApplicationContext.log Manager: list: Listing contexts for virtual host 'localhost'
05-Jun-2019 21:01:03.565 INFO [http-nio-8078-exec-81] org.apache.catalina.core.ApplicationContext.log Manager: list: Listing contexts for virtual host 'localhost'
05-Jun-2019 21:01:03.592 INFO [http-nio-8078-exec-79] org.apache.catalina.core.ApplicationContext.log Manager: undeploy: Undeploying web application at '/zoogle'
05-Jun-2019 21:01:04.809 INFO [http-nio-8078-exec-87] org.apache.catalina.core.ApplicationContext.log Manager: install: Installing context configuration at 'file:/C:/Users/Anet/AppData/Local/Temp/context6656057172865703610.xml'
05-Jun-2019 21:01:34.344 INFO [http-nio-8078-exec-82] org.apache.catalina.core.ApplicationContext.log Manager: start: Starting web application '/zoogle'
05-Jun-2019 21:05:41.417 INFO [http-nio-8078-exec-97] org.apache.catalina.core.ApplicationContext.log Manager: list: Listing contexts for virtual host 'localhost'
05-Jun-2019 21:05:41.429 INFO [http-nio-8078-exec-90] org.apache.catalina.core.ApplicationContext.log Manager: list: Listing contexts for virtual host 'localhost'
05-Jun-2019 21:05:41.451 INFO [http-nio-8078-exec-92] org.apache.catalina.core.ApplicationContext.log Manager: undeploy: Undeploying web application at '/zoogle'
05-Jun-2019 21:05:42.309 INFO [http-nio-8078-exec-89] org.apache.catalina.core.ApplicationContext.log Manager: install: Installing context configuration at 'file:/C:/Users/Anet/AppData/Local/Temp/context1370915618092457499.xml'
05-Jun-2019 21:06:10.588 INFO [http-nio-8078-exec-91] org.apache.catalina.core.ApplicationContext.log Manager: start: Starting web application '/zoogle'
05-Jun-2019 22:24:03.066 INFO [http-nio-8078-exec-106] org.apache.catalina.core.ApplicationContext.log Manager: list: Listing contexts for virtual host 'localhost'
05-Jun-2019 22:24:03.079 INFO [http-nio-8078-exec-99] org.apache.catalina.core.ApplicationContext.log Manager: list: Listing contexts for virtual host 'localhost'
05-Jun-2019 22:24:03.109 INFO [http-nio-8078-exec-102] org.apache.catalina.core.ApplicationContext.log Manager: undeploy: Undeploying web application at '/zoogle'
05-Jun-2019 22:24:04.082 INFO [http-nio-8078-exec-107] org.apache.catalina.core.ApplicationContext.log Manager: install: Installing context configuration at 'file:/C:/Users/Anet/AppData/Local/Temp/context3044716041327120730.xml'
05-Jun-2019 22:24:29.318 INFO [http-nio-8078-exec-104] org.apache.catalina.core.ApplicationContext.log Manager: start: Starting web application '/zoogle'
