07-Jun-2019 00:13:52.342 INFO [http-nio-8078-exec-12] org.apache.catalina.core.ApplicationContext.log Manager: list: Listing contexts for virtual host 'localhost'
07-Jun-2019 00:13:52.374 INFO [http-nio-8078-exec-13] org.apache.catalina.core.ApplicationContext.log Manager: list: Listing contexts for virtual host 'localhost'
07-Jun-2019 00:13:52.405 INFO [http-nio-8078-exec-20] org.apache.catalina.core.ApplicationContext.log Manager: undeploy: Undeploying web application at '/zoogle'
07-Jun-2019 00:13:54.261 INFO [http-nio-8078-exec-11] org.apache.catalina.core.ApplicationContext.log Manager: install: Installing context configuration at 'file:/C:/Users/Anet/AppData/Local/Temp/context4994527861932769960.xml'
07-Jun-2019 00:14:17.361 INFO [http-nio-8078-exec-12] org.apache.catalina.core.ApplicationContext.log Manager: start: Starting web application '/zoogle'
07-Jun-2019 00:54:25.206 INFO [http-nio-8078-exec-7] org.apache.catalina.core.ApplicationContext.log Manager: init: Associated with Deployer 'Catalina:type=Deployer,host=localhost'
07-Jun-2019 00:54:25.207 INFO [http-nio-8078-exec-7] org.apache.catalina.core.ApplicationContext.log Manager: init: Global resources are available
07-Jun-2019 00:54:25.211 INFO [http-nio-8078-exec-7] org.apache.catalina.core.ApplicationContext.log Manager: list: Listing contexts for virtual host 'localhost'
07-Jun-2019 00:54:25.233 INFO [http-nio-8078-exec-10] org.apache.catalina.core.ApplicationContext.log Manager: list: Listing contexts for virtual host 'localhost'
07-Jun-2019 00:54:25.257 INFO [http-nio-8078-exec-8] org.apache.catalina.core.ApplicationContext.log Manager: undeploy: Undeploying web application at '/zoogle'
07-Jun-2019 00:54:26.107 INFO [http-nio-8078-exec-9] org.apache.catalina.core.ApplicationContext.log Manager: install: Installing context configuration at 'file:/C:/Users/Anet/AppData/Local/Temp/context8924126137463834172.xml'
07-Jun-2019 00:54:48.081 INFO [http-nio-8078-exec-5] org.apache.catalina.core.ApplicationContext.log Manager: start: Starting web application '/zoogle'
07-Jun-2019 01:02:02.126 INFO [http-nio-8078-exec-20] org.apache.catalina.core.ApplicationContext.log Manager: list: Listing contexts for virtual host 'localhost'
07-Jun-2019 01:02:02.164 INFO [http-nio-8078-exec-14] org.apache.catalina.core.ApplicationContext.log Manager: list: Listing contexts for virtual host 'localhost'
07-Jun-2019 01:02:02.194 INFO [http-nio-8078-exec-18] org.apache.catalina.core.ApplicationContext.log Manager: undeploy: Undeploying web application at '/zoogle'
07-Jun-2019 01:02:03.020 INFO [http-nio-8078-exec-17] org.apache.catalina.core.ApplicationContext.log Manager: install: Installing context configuration at 'file:/C:/Users/Anet/AppData/Local/Temp/context310676440100982593.xml'
07-Jun-2019 01:02:24.925 INFO [http-nio-8078-exec-21] org.apache.catalina.core.ApplicationContext.log Manager: start: Starting web application '/zoogle'
07-Jun-2019 01:16:40.670 INFO [http-nio-8078-exec-9] org.apache.catalina.core.ApplicationContext.log Manager: init: Associated with Deployer 'Catalina:type=Deployer,host=localhost'
07-Jun-2019 01:16:40.670 INFO [http-nio-8078-exec-9] org.apache.catalina.core.ApplicationContext.log Manager: init: Global resources are available
07-Jun-2019 01:16:40.670 INFO [http-nio-8078-exec-9] org.apache.catalina.core.ApplicationContext.log Manager: list: Listing contexts for virtual host 'localhost'
07-Jun-2019 01:16:40.686 INFO [http-nio-8078-exec-6] org.apache.catalina.core.ApplicationContext.log Manager: list: Listing contexts for virtual host 'localhost'
07-Jun-2019 01:16:40.733 INFO [http-nio-8078-exec-1] org.apache.catalina.core.ApplicationContext.log Manager: undeploy: Undeploying web application at '/zoogle'
07-Jun-2019 01:16:41.628 INFO [http-nio-8078-exec-9] org.apache.catalina.core.ApplicationContext.log Manager: install: Installing context configuration at 'file:/C:/Users/Anet/AppData/Local/Temp/context5356689618689845214.xml'
07-Jun-2019 01:17:04.026 INFO [http-nio-8078-exec-5] org.apache.catalina.core.ApplicationContext.log Manager: start: Starting web application '/zoogle'
07-Jun-2019 01:19:27.498 INFO [http-nio-8078-exec-14] org.apache.catalina.core.ApplicationContext.log Manager: list: Listing contexts for virtual host 'localhost'
07-Jun-2019 01:19:27.514 INFO [http-nio-8078-exec-20] org.apache.catalina.core.ApplicationContext.log Manager: list: Listing contexts for virtual host 'localhost'
07-Jun-2019 01:19:27.561 INFO [http-nio-8078-exec-17] org.apache.catalina.core.ApplicationContext.log Manager: undeploy: Undeploying web application at '/zoogle'
07-Jun-2019 01:19:28.284 INFO [http-nio-8078-exec-11] org.apache.catalina.core.ApplicationContext.log Manager: install: Installing context configuration at 'file:/C:/Users/Anet/AppData/Local/Temp/context9031691400424483039.xml'
07-Jun-2019 01:19:45.470 INFO [http-nio-8078-exec-14] org.apache.catalina.core.ApplicationContext.log Manager: start: Starting web application '/zoogle'
07-Jun-2019 01:33:12.488 INFO [http-nio-8078-exec-29] org.apache.catalina.core.ApplicationContext.log Manager: list: Listing contexts for virtual host 'localhost'
07-Jun-2019 01:33:12.498 INFO [http-nio-8078-exec-23] org.apache.catalina.core.ApplicationContext.log Manager: list: Listing contexts for virtual host 'localhost'
07-Jun-2019 01:33:12.518 INFO [http-nio-8078-exec-25] org.apache.catalina.core.ApplicationContext.log Manager: undeploy: Undeploying web application at '/zoogle'
07-Jun-2019 01:33:13.518 INFO [http-nio-8078-exec-21] org.apache.catalina.core.ApplicationContext.log Manager: install: Installing context configuration at 'file:/C:/Users/Anet/AppData/Local/Temp/context4514396164835653219.xml'
07-Jun-2019 01:33:34.914 INFO [http-nio-8078-exec-28] org.apache.catalina.core.ApplicationContext.log Manager: start: Starting web application '/zoogle'
07-Jun-2019 01:55:57.451 INFO [http-nio-8078-exec-4] org.apache.catalina.core.ApplicationContext.log Manager: init: Associated with Deployer 'Catalina:type=Deployer,host=localhost'
07-Jun-2019 01:55:57.451 INFO [http-nio-8078-exec-4] org.apache.catalina.core.ApplicationContext.log Manager: init: Global resources are available
07-Jun-2019 01:55:57.451 INFO [http-nio-8078-exec-4] org.apache.catalina.core.ApplicationContext.log Manager: list: Listing contexts for virtual host 'localhost'
07-Jun-2019 01:55:57.466 INFO [http-nio-8078-exec-3] org.apache.catalina.core.ApplicationContext.log Manager: list: Listing contexts for virtual host 'localhost'
07-Jun-2019 01:55:57.507 INFO [http-nio-8078-exec-6] org.apache.catalina.core.ApplicationContext.log Manager: undeploy: Undeploying web application at '/zoogle'
07-Jun-2019 01:55:58.226 INFO [http-nio-8078-exec-5] org.apache.catalina.core.ApplicationContext.log Manager: install: Installing context configuration at 'file:/C:/Users/Anet/AppData/Local/Temp/context7708668981820109362.xml'
07-Jun-2019 01:56:17.148 INFO [http-nio-8078-exec-8] org.apache.catalina.core.ApplicationContext.log Manager: start: Starting web application '/zoogle'
07-Jun-2019 02:26:20.707 INFO [http-nio-8078-exec-9] org.apache.catalina.core.ApplicationContext.log Manager: init: Associated with Deployer 'Catalina:type=Deployer,host=localhost'
07-Jun-2019 02:26:20.707 INFO [http-nio-8078-exec-9] org.apache.catalina.core.ApplicationContext.log Manager: init: Global resources are available
07-Jun-2019 02:26:20.707 INFO [http-nio-8078-exec-9] org.apache.catalina.core.ApplicationContext.log Manager: list: Listing contexts for virtual host 'localhost'
07-Jun-2019 02:26:20.738 INFO [http-nio-8078-exec-3] org.apache.catalina.core.ApplicationContext.log Manager: list: Listing contexts for virtual host 'localhost'
07-Jun-2019 02:26:20.785 INFO [http-nio-8078-exec-2] org.apache.catalina.core.ApplicationContext.log Manager: undeploy: Undeploying web application at '/zoogle'
07-Jun-2019 02:26:25.868 INFO [http-nio-8078-exec-10] org.apache.catalina.core.ApplicationContext.log Manager: install: Installing context configuration at 'file:/C:/Users/Anet/AppData/Local/Temp/context6446383247063240104.xml'
07-Jun-2019 02:26:50.786 INFO [http-nio-8078-exec-7] org.apache.catalina.core.ApplicationContext.log Manager: start: Starting web application '/zoogle'
07-Jun-2019 02:44:34.600 INFO [http-nio-8078-exec-11] org.apache.catalina.core.ApplicationContext.log Manager: list: Listing contexts for virtual host 'localhost'
07-Jun-2019 02:44:34.616 INFO [http-nio-8078-exec-17] org.apache.catalina.core.ApplicationContext.log Manager: list: Listing contexts for virtual host 'localhost'
07-Jun-2019 02:44:34.631 INFO [http-nio-8078-exec-20] org.apache.catalina.core.ApplicationContext.log Manager: undeploy: Undeploying web application at '/zoogle'
07-Jun-2019 02:44:36.253 INFO [http-nio-8078-exec-16] org.apache.catalina.core.ApplicationContext.log Manager: install: Installing context configuration at 'file:/C:/Users/Anet/AppData/Local/Temp/context1552689909824960836.xml'
07-Jun-2019 02:44:58.653 INFO [http-nio-8078-exec-11] org.apache.catalina.core.ApplicationContext.log Manager: start: Starting web application '/zoogle'
07-Jun-2019 02:49:30.798 INFO [http-nio-8078-exec-22] org.apache.catalina.core.ApplicationContext.log Manager: list: Listing contexts for virtual host 'localhost'
07-Jun-2019 02:49:30.816 INFO [http-nio-8078-exec-25] org.apache.catalina.core.ApplicationContext.log Manager: list: Listing contexts for virtual host 'localhost'
07-Jun-2019 02:49:30.826 INFO [http-nio-8078-exec-26] org.apache.catalina.core.ApplicationContext.log Manager: undeploy: Undeploying web application at '/zoogle'
07-Jun-2019 02:49:31.535 INFO [http-nio-8078-exec-25] org.apache.catalina.core.ApplicationContext.log Manager: install: Installing context configuration at 'file:/C:/Users/Anet/AppData/Local/Temp/context1032088583356328830.xml'
07-Jun-2019 02:49:47.390 INFO [http-nio-8078-exec-24] org.apache.catalina.core.ApplicationContext.log Manager: start: Starting web application '/zoogle'
07-Jun-2019 02:59:27.359 INFO [http-nio-8078-exec-37] org.apache.catalina.core.ApplicationContext.log Manager: list: Listing contexts for virtual host 'localhost'
07-Jun-2019 02:59:27.370 INFO [http-nio-8078-exec-34] org.apache.catalina.core.ApplicationContext.log Manager: list: Listing contexts for virtual host 'localhost'
07-Jun-2019 02:59:27.393 INFO [http-nio-8078-exec-38] org.apache.catalina.core.ApplicationContext.log Manager: undeploy: Undeploying web application at '/zoogle'
07-Jun-2019 02:59:28.582 INFO [http-nio-8078-exec-39] org.apache.catalina.core.ApplicationContext.log Manager: install: Installing context configuration at 'file:/C:/Users/Anet/AppData/Local/Temp/context4571189446406063069.xml'
07-Jun-2019 02:59:49.949 INFO [http-nio-8078-exec-32] org.apache.catalina.core.ApplicationContext.log Manager: start: Starting web application '/zoogle'
07-Jun-2019 03:02:33.084 INFO [http-nio-8078-exec-50] org.apache.catalina.core.ApplicationContext.log Manager: list: Listing contexts for virtual host 'localhost'
07-Jun-2019 03:02:33.097 INFO [http-nio-8078-exec-45] org.apache.catalina.core.ApplicationContext.log Manager: list: Listing contexts for virtual host 'localhost'
07-Jun-2019 03:02:33.125 INFO [http-nio-8078-exec-46] org.apache.catalina.core.ApplicationContext.log Manager: undeploy: Undeploying web application at '/zoogle'
07-Jun-2019 03:02:34.191 INFO [http-nio-8078-exec-49] org.apache.catalina.core.ApplicationContext.log Manager: install: Installing context configuration at 'file:/C:/Users/Anet/AppData/Local/Temp/context7325524168205999419.xml'
07-Jun-2019 03:02:56.532 INFO [http-nio-8078-exec-42] org.apache.catalina.core.ApplicationContext.log Manager: start: Starting web application '/zoogle'
07-Jun-2019 03:34:51.021 INFO [http-nio-8078-exec-6] org.apache.catalina.core.ApplicationContext.log Manager: init: Associated with Deployer 'Catalina:type=Deployer,host=localhost'
07-Jun-2019 03:34:51.022 INFO [http-nio-8078-exec-6] org.apache.catalina.core.ApplicationContext.log Manager: init: Global resources are available
07-Jun-2019 03:34:51.023 INFO [http-nio-8078-exec-6] org.apache.catalina.core.ApplicationContext.log Manager: list: Listing contexts for virtual host 'localhost'
07-Jun-2019 03:34:51.040 INFO [http-nio-8078-exec-5] org.apache.catalina.core.ApplicationContext.log Manager: list: Listing contexts for virtual host 'localhost'
07-Jun-2019 03:34:51.061 INFO [http-nio-8078-exec-8] org.apache.catalina.core.ApplicationContext.log Manager: undeploy: Undeploying web application at '/zoogle'
07-Jun-2019 03:34:51.599 INFO [http-nio-8078-exec-4] org.apache.catalina.core.ApplicationContext.log Manager: install: Installing context configuration at 'file:/C:/Users/Anet/AppData/Local/Temp/context4395751425840689732.xml'
07-Jun-2019 03:42:26.305 INFO [http-nio-8078-exec-2] org.apache.catalina.core.ApplicationContext.log Manager: list: Listing contexts for virtual host 'localhost'
07-Jun-2019 03:42:26.321 INFO [http-nio-8078-exec-7] org.apache.catalina.core.ApplicationContext.log Manager: list: Listing contexts for virtual host 'localhost'
07-Jun-2019 03:42:26.367 INFO [http-nio-8078-exec-9] org.apache.catalina.core.ApplicationContext.log Manager: undeploy: Undeploying web application at '/zoogle'
07-Jun-2019 03:42:26.937 INFO [http-nio-8078-exec-5] org.apache.catalina.core.ApplicationContext.log Manager: install: Installing context configuration at 'file:/C:/Users/Anet/AppData/Local/Temp/context1420944318879293743.xml'
07-Jun-2019 03:54:41.553 INFO [http-nio-8078-exec-9] org.apache.catalina.core.ApplicationContext.log Manager: init: Associated with Deployer 'Catalina:type=Deployer,host=localhost'
07-Jun-2019 03:54:41.554 INFO [http-nio-8078-exec-9] org.apache.catalina.core.ApplicationContext.log Manager: init: Global resources are available
07-Jun-2019 03:54:41.557 INFO [http-nio-8078-exec-9] org.apache.catalina.core.ApplicationContext.log Manager: list: Listing contexts for virtual host 'localhost'
07-Jun-2019 03:54:41.596 INFO [http-nio-8078-exec-2] org.apache.catalina.core.ApplicationContext.log Manager: list: Listing contexts for virtual host 'localhost'
07-Jun-2019 03:54:41.616 INFO [http-nio-8078-exec-3] org.apache.catalina.core.ApplicationContext.log Manager: undeploy: Undeploying web application at '/zoogle'
07-Jun-2019 03:54:42.526 INFO [http-nio-8078-exec-9] org.apache.catalina.core.ApplicationContext.log Manager: install: Installing context configuration at 'file:/C:/Users/Anet/AppData/Local/Temp/context8461434776101633259.xml'
07-Jun-2019 03:55:11.202 INFO [http-nio-8078-exec-8] org.apache.catalina.core.ApplicationContext.log Manager: start: Starting web application '/zoogle'
07-Jun-2019 04:24:10.108 INFO [http-nio-8078-exec-6] org.apache.catalina.core.ApplicationContext.log Manager: init: Associated with Deployer 'Catalina:type=Deployer,host=localhost'
07-Jun-2019 04:24:10.108 INFO [http-nio-8078-exec-6] org.apache.catalina.core.ApplicationContext.log Manager: init: Global resources are available
07-Jun-2019 04:24:10.108 INFO [http-nio-8078-exec-6] org.apache.catalina.core.ApplicationContext.log Manager: list: Listing contexts for virtual host 'localhost'
07-Jun-2019 04:24:10.138 INFO [http-nio-8078-exec-9] org.apache.catalina.core.ApplicationContext.log Manager: list: Listing contexts for virtual host 'localhost'
07-Jun-2019 04:24:10.168 INFO [http-nio-8078-exec-8] org.apache.catalina.core.ApplicationContext.log Manager: undeploy: Undeploying web application at '/zoogle'
07-Jun-2019 04:24:13.526 INFO [http-nio-8078-exec-10] org.apache.catalina.core.ApplicationContext.log Manager: install: Installing context configuration at 'file:/C:/Users/Anet/AppData/Local/Temp/context8162218940662138734.xml'
07-Jun-2019 04:24:41.119 INFO [http-nio-8078-exec-7] org.apache.catalina.core.ApplicationContext.log Manager: start: Starting web application '/zoogle'
07-Jun-2019 04:38:11.524 INFO [http-nio-8078-exec-8] org.apache.catalina.core.ApplicationContext.log Manager: init: Associated with Deployer 'Catalina:type=Deployer,host=localhost'
07-Jun-2019 04:38:11.524 INFO [http-nio-8078-exec-8] org.apache.catalina.core.ApplicationContext.log Manager: init: Global resources are available
07-Jun-2019 04:38:11.526 INFO [http-nio-8078-exec-8] org.apache.catalina.core.ApplicationContext.log Manager: list: Listing contexts for virtual host 'localhost'
07-Jun-2019 04:38:11.554 INFO [http-nio-8078-exec-6] org.apache.catalina.core.ApplicationContext.log Manager: list: Listing contexts for virtual host 'localhost'
07-Jun-2019 04:38:11.585 INFO [http-nio-8078-exec-1] org.apache.catalina.core.ApplicationContext.log Manager: undeploy: Undeploying web application at '/zoogle'
07-Jun-2019 04:38:12.336 INFO [http-nio-8078-exec-9] org.apache.catalina.core.ApplicationContext.log Manager: install: Installing context configuration at 'file:/C:/Users/Anet/AppData/Local/Temp/context919774770188435149.xml'
07-Jun-2019 04:38:35.764 INFO [http-nio-8078-exec-7] org.apache.catalina.core.ApplicationContext.log Manager: start: Starting web application '/zoogle'
07-Jun-2019 04:42:58.202 INFO [http-nio-8078-exec-15] org.apache.catalina.core.ApplicationContext.log Manager: list: Listing contexts for virtual host 'localhost'
07-Jun-2019 04:42:58.218 INFO [http-nio-8078-exec-11] org.apache.catalina.core.ApplicationContext.log Manager: list: Listing contexts for virtual host 'localhost'
07-Jun-2019 04:42:58.249 INFO [http-nio-8078-exec-12] org.apache.catalina.core.ApplicationContext.log Manager: undeploy: Undeploying web application at '/zoogle'
07-Jun-2019 04:42:59.219 INFO [http-nio-8078-exec-20] org.apache.catalina.core.ApplicationContext.log Manager: install: Installing context configuration at 'file:/C:/Users/Anet/AppData/Local/Temp/context2056050377104163747.xml'
07-Jun-2019 04:43:25.839 INFO [http-nio-8078-exec-18] org.apache.catalina.core.ApplicationContext.log Manager: start: Starting web application '/zoogle'
07-Jun-2019 05:04:51.382 INFO [http-nio-8078-exec-12] org.apache.catalina.core.ApplicationContext.log Manager: init: Associated with Deployer 'Catalina:type=Deployer,host=localhost'
07-Jun-2019 05:04:51.382 INFO [http-nio-8078-exec-12] org.apache.catalina.core.ApplicationContext.log Manager: init: Global resources are available
07-Jun-2019 05:04:51.382 INFO [http-nio-8078-exec-12] org.apache.catalina.core.ApplicationContext.log Manager: list: Listing contexts for virtual host 'localhost'
07-Jun-2019 05:04:51.404 INFO [http-nio-8078-exec-7] org.apache.catalina.core.ApplicationContext.log Manager: list: Listing contexts for virtual host 'localhost'
07-Jun-2019 05:04:51.420 INFO [http-nio-8078-exec-11] org.apache.catalina.core.ApplicationContext.log Manager: undeploy: Undeploying web application at '/zoogle'
07-Jun-2019 05:04:52.391 INFO [http-nio-8078-exec-7] org.apache.catalina.core.ApplicationContext.log Manager: install: Installing context configuration at 'file:/C:/Users/Anet/AppData/Local/Temp/context79349107348493775.xml'
07-Jun-2019 05:05:16.614 INFO [http-nio-8078-exec-4] org.apache.catalina.core.ApplicationContext.log Manager: start: Starting web application '/zoogle'
07-Jun-2019 05:19:40.422 INFO [http-nio-8078-exec-19] org.apache.catalina.core.ApplicationContext.log Manager: list: Listing contexts for virtual host 'localhost'
07-Jun-2019 05:19:40.442 INFO [http-nio-8078-exec-15] org.apache.catalina.core.ApplicationContext.log Manager: list: Listing contexts for virtual host 'localhost'
07-Jun-2019 05:19:40.476 INFO [http-nio-8078-exec-16] org.apache.catalina.core.ApplicationContext.log Manager: undeploy: Undeploying web application at '/zoogle'
07-Jun-2019 05:19:41.592 INFO [http-nio-8078-exec-17] org.apache.catalina.core.ApplicationContext.log Manager: install: Installing context configuration at 'file:/C:/Users/Anet/AppData/Local/Temp/context2305972711036306424.xml'
07-Jun-2019 05:20:11.979 INFO [http-nio-8078-exec-24] org.apache.catalina.core.ApplicationContext.log Manager: start: Starting web application '/zoogle'
07-Jun-2019 05:47:25.495 INFO [http-nio-8078-exec-30] org.apache.catalina.core.ApplicationContext.log Manager: list: Listing contexts for virtual host 'localhost'
07-Jun-2019 05:47:25.517 INFO [http-nio-8078-exec-26] org.apache.catalina.core.ApplicationContext.log Manager: list: Listing contexts for virtual host 'localhost'
07-Jun-2019 05:47:25.570 INFO [http-nio-8078-exec-27] org.apache.catalina.core.ApplicationContext.log Manager: undeploy: Undeploying web application at '/zoogle'
07-Jun-2019 05:47:27.759 INFO [http-nio-8078-exec-26] org.apache.catalina.core.ApplicationContext.log Manager: install: Installing context configuration at 'file:/C:/Users/Anet/AppData/Local/Temp/context1894280765590183708.xml'
07-Jun-2019 05:47:57.467 INFO [http-nio-8078-exec-29] org.apache.catalina.core.ApplicationContext.log Manager: start: Starting web application '/zoogle'
