24-Dec-2018 05:14:38.308 INFO [http-nio-8078-exec-9] org.apache.catalina.core.ApplicationContext.log Manager: init: Associated with Deployer 'Catalina:type=Deployer,host=localhost'
24-Dec-2018 05:14:38.308 INFO [http-nio-8078-exec-9] org.apache.catalina.core.ApplicationContext.log Manager: init: Global resources are available
24-Dec-2018 05:14:38.309 INFO [http-nio-8078-exec-9] org.apache.catalina.core.ApplicationContext.log Manager: list: Listing contexts for virtual host 'localhost'
24-Dec-2018 05:14:38.318 INFO [http-nio-8078-exec-5] org.apache.catalina.core.ApplicationContext.log Manager: list: Listing contexts for virtual host 'localhost'
24-Dec-2018 05:14:38.375 INFO [http-nio-8078-exec-2] org.apache.catalina.core.ApplicationContext.log Manager: install: Installing context configuration at 'file:/C:/Users/Hp/AppData/Local/Temp/context6305289957003312450.xml'
24-Dec-2018 05:15:30.549 INFO [http-nio-8078-exec-9] org.apache.catalina.core.ApplicationContext.log Manager: list: Listing contexts for virtual host 'localhost'
24-Dec-2018 05:15:30.614 INFO [http-nio-8078-exec-6] org.apache.catalina.core.ApplicationContext.log Manager: undeploy: Undeploying web application at '/ear_zs'
24-Dec-2018 05:15:31.176 INFO [http-nio-8078-exec-7] org.apache.catalina.core.ApplicationContext.log Manager: install: Installing context configuration at 'file:/C:/Users/Hp/AppData/Local/Temp/context6705614024271706278.xml'
24-Dec-2018 05:25:45.279 INFO [http-nio-8078-exec-4] org.apache.catalina.core.ApplicationContext.log Manager: init: Associated with Deployer 'Catalina:type=Deployer,host=localhost'
24-Dec-2018 05:25:45.279 INFO [http-nio-8078-exec-4] org.apache.catalina.core.ApplicationContext.log Manager: init: Global resources are available
24-Dec-2018 05:25:45.280 INFO [http-nio-8078-exec-4] org.apache.catalina.core.ApplicationContext.log Manager: list: Listing contexts for virtual host 'localhost'
24-Dec-2018 05:25:45.287 INFO [http-nio-8078-exec-3] org.apache.catalina.core.ApplicationContext.log Manager: list: Listing contexts for virtual host 'localhost'
24-Dec-2018 05:25:45.318 INFO [http-nio-8078-exec-2] org.apache.catalina.core.ApplicationContext.log Manager: install: Installing context configuration at 'file:/C:/Users/Hp/AppData/Local/Temp/context1064578721800443646.xml'
24-Dec-2018 05:25:49.303 INFO [http-nio-8078-exec-6] org.apache.catalina.core.ApplicationContext.log Manager: start: Starting web application '/Spring4MVCHelloWorldRestServiceDemo'
24-Dec-2018 05:32:41.364 INFO [http-nio-8078-exec-1] org.apache.catalina.core.ApplicationContext.log Manager: list: Listing contexts for virtual host 'localhost'
24-Dec-2018 05:32:41.444 INFO [http-nio-8078-exec-5] org.apache.catalina.core.ApplicationContext.log Manager: undeploy: Undeploying web application at '/ear_zs'
24-Dec-2018 05:32:41.974 INFO [http-nio-8078-exec-7] org.apache.catalina.core.ApplicationContext.log Manager: install: Installing context configuration at 'file:/C:/Users/Hp/AppData/Local/Temp/context8020634345558487969.xml'
24-Dec-2018 05:34:14.387 INFO [http-nio-8078-exec-2] org.apache.catalina.core.ApplicationContext.log Manager: list: Listing contexts for virtual host 'localhost'
24-Dec-2018 05:34:14.470 INFO [http-nio-8078-exec-5] org.apache.catalina.core.ApplicationContext.log Manager: undeploy: Undeploying web application at '/ear_zs'
24-Dec-2018 05:34:15.031 INFO [http-nio-8078-exec-7] org.apache.catalina.core.ApplicationContext.log Manager: install: Installing context configuration at 'file:/C:/Users/Hp/AppData/Local/Temp/context6095632714080022867.xml'
24-Dec-2018 05:42:34.532 INFO [http-nio-8078-exec-6] org.apache.catalina.core.ApplicationContext.log Manager: list: Listing contexts for virtual host 'localhost'
24-Dec-2018 05:42:34.609 INFO [http-nio-8078-exec-5] org.apache.catalina.core.ApplicationContext.log Manager: undeploy: Undeploying web application at '/ear_zs'
24-Dec-2018 05:42:35.162 INFO [http-nio-8078-exec-7] org.apache.catalina.core.ApplicationContext.log Manager: install: Installing context configuration at 'file:/C:/Users/Hp/AppData/Local/Temp/context7049978570733094786.xml'
24-Dec-2018 05:45:52.461 INFO [http-nio-8078-exec-5] org.apache.catalina.core.ApplicationContext.log Manager: list: Listing contexts for virtual host 'localhost'
24-Dec-2018 05:45:52.586 INFO [http-nio-8078-exec-9] org.apache.catalina.core.ApplicationContext.log Manager: undeploy: Undeploying web application at '/ear_zs'
24-Dec-2018 05:45:53.141 INFO [http-nio-8078-exec-1] org.apache.catalina.core.ApplicationContext.log Manager: install: Installing context configuration at 'file:/C:/Users/Hp/AppData/Local/Temp/context5649339637192348099.xml'
24-Dec-2018 05:48:11.306 INFO [http-nio-8078-exec-5] org.apache.catalina.core.ApplicationContext.log Manager: list: Listing contexts for virtual host 'localhost'
24-Dec-2018 05:48:11.391 INFO [http-nio-8078-exec-8] org.apache.catalina.core.ApplicationContext.log Manager: undeploy: Undeploying web application at '/ear_zs'
24-Dec-2018 05:48:11.944 INFO [http-nio-8078-exec-10] org.apache.catalina.core.ApplicationContext.log Manager: install: Installing context configuration at 'file:/C:/Users/Hp/AppData/Local/Temp/context7270045395520875764.xml'
24-Dec-2018 05:50:53.450 INFO [http-nio-8078-exec-2] org.apache.catalina.core.ApplicationContext.log Manager: list: Listing contexts for virtual host 'localhost'
24-Dec-2018 05:50:53.711 INFO [http-nio-8078-exec-8] org.apache.catalina.core.ApplicationContext.log Manager: undeploy: Undeploying web application at '/ear_zs'
24-Dec-2018 05:50:54.255 INFO [http-nio-8078-exec-9] org.apache.catalina.core.ApplicationContext.log Manager: install: Installing context configuration at 'file:/C:/Users/Hp/AppData/Local/Temp/context3991590982373655031.xml'
24-Dec-2018 05:54:55.362 INFO [http-nio-8078-exec-10] org.apache.catalina.core.ApplicationContext.log Manager: list: Listing contexts for virtual host 'localhost'
24-Dec-2018 05:54:55.474 INFO [http-nio-8078-exec-8] org.apache.catalina.core.ApplicationContext.log Manager: undeploy: Undeploying web application at '/ear_zs'
24-Dec-2018 05:54:56.038 INFO [http-nio-8078-exec-9] org.apache.catalina.core.ApplicationContext.log Manager: install: Installing context configuration at 'file:/C:/Users/Hp/AppData/Local/Temp/context1504396981053820917.xml'
24-Dec-2018 05:56:02.034 INFO [http-nio-8078-exec-2] org.apache.catalina.core.ApplicationContext.log Manager: list: Listing contexts for virtual host 'localhost'
24-Dec-2018 05:56:02.091 INFO [http-nio-8078-exec-10] org.apache.catalina.core.ApplicationContext.log Manager: undeploy: Undeploying web application at '/ear_zs'
24-Dec-2018 05:56:02.631 INFO [http-nio-8078-exec-8] org.apache.catalina.core.ApplicationContext.log Manager: install: Installing context configuration at 'file:/C:/Users/Hp/AppData/Local/Temp/context1287991356234806570.xml'
